2025-03-18 22:37:26,071 - main - CRITICAL - Missing required environment variables: SUPABASE_KEY, REDIS_HOST, REDIS_PORT, JWT_SECRET
2025-03-18 22:41:01,032 - main - CRITICAL - Missing required environment variables: SUPABASE_KEY, REDIS_HOST, REDIS_PORT, JWT_SECRET
2025-03-18 22:41:45,151 - main - CRITICAL - Missing required environment variables: SUPABASE_KEY, REDIS_HOST, REDIS_PORT, JWT_SECRET
2025-03-18 22:42:32,884 - main - CRITICAL - Missing required environment variables: SUPABASE_KEY, REDIS_HOST, REDIS_PORT, JWT_SECRET
2025-03-18 23:03:28,517 - main - WARNING - Running in development mode with default values for: SUPABASE_KEY, REDIS_HOST, REDIS_PORT, JWT_SECRET
2025-03-18 23:03:32,607 - main - WARNING - Redis connection failed, using mock Redis for development: Error 10061 connecting to localhost:6379. No connection could be made because the target machine actively refused it.
2025-03-18 23:06:07,018 - httpx - INFO - HTTP Request: GET https://lbmatrvcyiefxukntwsu.supabase.co/rest/v1/health_check?select=count "HTTP/2 401 Unauthorized"
2025-03-18 23:06:07,019 - main - ERROR - Database health check failed: {'message': 'Invalid API key', 'hint': 'Double check your Supabase `anon` or `service_role` API key.'}
2025-04-02 15:10:27,304 - __main__ - WARNING - Running in development mode with default values for: SUPABASE_KEY, REDIS_HOST, REDIS_PORT, JWT_SECRET
2025-04-02 15:10:31,954 - __main__ - WARNING - Redis connection failed, using mock Redis for development: Error 10061 connecting to localhost:6379. No connection could be made because the target machine actively refused it.
2025-04-02 15:11:00,697 - __main__ - WARNING - Running in development mode with default values for: SUPABASE_KEY, REDIS_HOST, REDIS_PORT, JWT_SECRET
2025-04-02 15:11:05,230 - __main__ - WARNING - Redis connection failed, using mock Redis for development: Error 10061 connecting to localhost:6379. No connection could be made because the target machine actively refused it.
2025-04-02 15:11:29,066 - __main__ - WARNING - Running in development mode with default values for: SUPABASE_KEY, REDIS_HOST, REDIS_PORT, JWT_SECRET
2025-04-02 15:11:34,077 - __main__ - WARNING - Redis connection failed, using mock Redis for development: Error 10061 connecting to localhost:6379. No connection could be made because the target machine actively refused it.
2025-04-02 15:11:34,639 - __main__ - INFO - Starting E-Commerce AI Backend
2025-04-02 15:12:36,057 - __main__ - WARNING - Running in development mode with default values for: SUPABASE_KEY, REDIS_HOST, REDIS_PORT, JWT_SECRET
2025-04-02 15:12:41,073 - __main__ - WARNING - Redis connection failed, using mock Redis for development: Error 10061 connecting to localhost:6379. No connection could be made because the target machine actively refused it.
2025-04-02 15:12:41,172 - __main__ - INFO - Starting E-Commerce AI Backend
2025-04-02 15:13:48,731 - __main__ - WARNING - Running in development mode with default values for: SUPABASE_KEY, REDIS_HOST, REDIS_PORT, JWT_SECRET
2025-04-02 15:13:53,836 - __main__ - WARNING - Redis connection failed, using mock Redis for development: Error 10061 connecting to localhost:6379. No connection could be made because the target machine actively refused it.
2025-04-02 15:13:54,193 - __main__ - INFO - Starting E-Commerce AI Backend
2025-04-02 15:14:19,260 - __main__ - WARNING - Running in development mode with default values for: SUPABASE_KEY, REDIS_HOST, REDIS_PORT, JWT_SECRET
2025-04-02 15:14:24,051 - __main__ - WARNING - Redis connection failed, using mock Redis for development: Error 10061 connecting to localhost:6379. No connection could be made because the target machine actively refused it.
2025-04-02 15:14:24,245 - __main__ - INFO - Starting E-Commerce AI Backend
2025-04-02 15:29:36,220 - utils - WARNING - Authentication error: Signature verification failed
2025-04-03 10:09:42,994 - __main__ - WARNING - Running in development mode with default values for: SUPABASE_KEY, REDIS_HOST, REDIS_PORT, JWT_SECRET
2025-04-03 10:09:47,176 - __main__ - WARNING - Redis connection failed, using mock Redis for development: Error 10061 connecting to localhost:6379. No connection could be made because the target machine actively refused it.
2025-04-03 10:09:47,446 - __main__ - INFO - Starting E-Commerce AI Backend
2025-04-03 10:39:11,868 - __main__ - WARNING - Running in development mode with default values for: SUPABASE_KEY, REDIS_HOST, REDIS_PORT, JWT_SECRET
2025-04-03 10:39:16,982 - __main__ - WARNING - Redis connection failed, using mock Redis for development: Error 10061 connecting to localhost:6379. No connection could be made because the target machine actively refused it.
2025-04-03 10:39:17,088 - __main__ - INFO - Starting E-Commerce AI Backend
2025-04-04 14:37:49,386 - __main__ - WARNING - Running in development mode with default values for: SUPABASE_KEY, REDIS_HOST, REDIS_PORT, JWT_SECRET
2025-04-04 14:37:54,303 - __main__ - WARNING - Redis connection failed, using mock Redis for development: Error 10061 connecting to localhost:6379. No connection could be made because the target machine actively refused it.
2025-04-04 14:37:54,421 - __main__ - INFO - Starting E-Commerce AI Backend
2025-04-04 16:49:41,307 - __main__ - WARNING - Running in development mode with default values for: SUPABASE_KEY, REDIS_HOST, REDIS_PORT, JWT_SECRET
2025-04-04 16:49:46,423 - __main__ - WARNING - Redis connection failed, using mock Redis for development: Error 10061 connecting to localhost:6379. No connection could be made because the target machine actively refused it.
2025-04-04 16:49:46,540 - __main__ - INFO - Starting E-Commerce AI Backend
2025-04-04 16:50:46,058 - utils - WARNING - Authentication error: Signature verification failed
2025-04-04 16:50:46,075 - utils - WARNING - Authentication error: Signature verification failed
2025-04-05 08:37:43,393 - utils - WARNING - Authentication error: Signature verification failed
2025-04-05 08:37:43,405 - utils - WARNING - Authentication error: Signature verification failed
2025-04-05 09:02:22,412 - utils - WARNING - Authentication error: Signature verification failed
2025-04-05 12:35:21,901 - utils - WARNING - Authentication error: Signature verification failed
2025-04-05 12:46:57,473 - __main__ - WARNING - Running in development mode with default values for: SUPABASE_KEY, REDIS_HOST, REDIS_PORT, JWT_SECRET
2025-04-05 12:47:02,497 - __main__ - WARNING - Redis connection failed, using mock Redis for development: Error 10061 connecting to localhost:6379. No connection could be made because the target machine actively refused it.
2025-04-05 12:47:03,339 - __main__ - INFO - Starting E-Commerce AI Backend
2025-04-05 12:51:23,017 - main - WARNING - Running in development mode with default values for: SUPABASE_KEY, REDIS_HOST, REDIS_PORT, JWT_SECRET
2025-04-05 12:51:27,393 - main - WARNING - Redis connection failed, using mock Redis for development: Error 10061 connecting to localhost:6379. No connection could be made because the target machine actively refused it.
2025-04-05 12:55:07,188 - utils - WARNING - Authentication error: Signature verification failed
2025-04-05 13:50:53,350 - __main__ - WARNING - Running in development mode with default values for: SUPABASE_KEY, REDIS_HOST, REDIS_PORT, JWT_SECRET
2025-04-05 13:50:57,446 - __main__ - WARNING - Redis connection failed, using mock Redis for development: Error 10061 connecting to localhost:6379. No connection could be made because the target machine actively refused it.
2025-04-05 13:50:57,657 - __main__ - INFO - Starting E-Commerce AI Backend
2025-04-05 14:14:11,142 - utils - WARNING - Authentication error: Signature verification failed
2025-04-05 14:14:11,172 - utils - WARNING - Authentication error: Signature verification failed
2025-04-05 14:19:07,194 - utils - WARNING - Authentication error: Signature verification failed
2025-04-05 14:19:07,205 - utils - WARNING - Authentication error: Signature verification failed
2025-04-05 14:28:41,783 - httpx - INFO - HTTP Request: GET https://lbmatrvcyiefxukntwsu.supabase.co/rest/v1/health_check?select=count "HTTP/2 401 Unauthorized"
2025-04-05 14:28:41,809 - __main__ - ERROR - Database health check failed: {'message': 'Invalid API key', 'hint': 'Double check your Supabase `anon` or `service_role` API key.'}
2025-04-05 14:28:43,757 - httpx - INFO - HTTP Request: GET https://lbmatrvcyiefxukntwsu.supabase.co/rest/v1/health_check?select=count "HTTP/2 401 Unauthorized"
2025-04-05 14:28:43,759 - __main__ - ERROR - Database health check failed: {'message': 'Invalid API key', 'hint': 'Double check your Supabase `anon` or `service_role` API key.'}
2025-04-05 14:36:19,493 - utils - WARNING - Authentication error: Signature verification failed
2025-04-05 14:36:19,504 - utils - WARNING - Authentication error: Signature verification failed
2025-04-05 14:40:59,943 - utils - WARNING - Authentication error: Signature verification failed
2025-04-05 14:40:59,947 - utils - WARNING - Authentication error: Signature verification failed
2025-04-05 14:50:53,326 - utils - WARNING - Authentication error: Signature verification failed
2025-04-05 14:50:53,421 - utils - WARNING - Authentication error: Signature verification failed
2025-04-05 17:23:15,781 - __main__ - WARNING - Running in development mode with default values for: SUPABASE_KEY, REDIS_HOST, REDIS_PORT, JWT_SECRET
2025-04-05 17:23:19,926 - __main__ - WARNING - Redis connection failed, using mock Redis for development: Error 10061 connecting to localhost:6379. No connection could be made because the target machine actively refused it.
2025-04-05 17:23:20,094 - __main__ - INFO - Starting E-Commerce AI Backend
2025-04-07 13:31:25,584 - main - WARNING - Running in development mode with default values for: SUPABASE_KEY, REDIS_HOST, REDIS_PORT, JWT_SECRET
2025-04-07 13:31:30,158 - main - WARNING - Redis connection failed, using mock Redis for development: Error 10061 connecting to localhost:6379. No connection could be made because the target machine actively refused it.
2025-04-07 13:31:59,010 - main - WARNING - Running in development mode with default values for: SUPABASE_KEY, REDIS_HOST, REDIS_PORT, JWT_SECRET
2025-04-07 13:32:04,037 - main - WARNING - Redis connection failed, using mock Redis for development: Error 10061 connecting to localhost:6379. No connection could be made because the target machine actively refused it.
